# JRE version: OpenJDK Runtime Environment (8.0_191-b12) (build 1.8.0_191-b12)
# Java VM: OpenJDK 64-Bit Server VM (25.191-b12 mixed mode linux-amd64 compressed oops)
Heap:
 garbage-first heap   total 413696K, used 4243K [0x00000000c0000000, 0x00000000c0100ca0, 0x0000000100000000)
  region size 1024K, 1 young (1024K), 1 survivors (1024K)
 Metaspace       used 7729K, capacity 8094K, committed 8320K, reserved 1056768K
  class space    used 752K, capacity 850K, committed 896K, reserved 1048576K
GC Heap History (11 events):
Event: 5.651 GC heap before
{Heap before GC invocations=0 (full 0):
 garbage-first heap   total 126976K, used 24576K [0x00000000c0000000, 0x00000000c01003e0, 0x0000000100000000)
  region size 1024K, 24 young (24576K), 0 survivors (0K)
 Metaspace       used 4358K, capacity 4760K, committed 4864K, reserved 1056768K
  class space    used 413K, capacity 464K, committed 512K, reserved 1048576K
Event: 6.044 GC heap after
Heap after GC invocations=1 (full 0):
 garbage-first heap   total 126976K, used 1126K [0x00000000c0000000, 0x00000000c01003e0, 0x0000000100000000)
  region size 1024K, 2 young (2048K), 2 survivors (2048K)
 Metaspace       used 4358K, capacity 4760K, committed 4864K, reserved 1056768K
  class space    used 413K, capacity 464K, committed 512K, reserved 1048576K
}
Event: 6.385 GC heap before
{Heap before GC invocations=1 (full 0):
 garbage-first heap   total 126976K, used 5222K [0x00000000c0000000, 0x00000000c01003e0, 0x0000000100000000)
  region size 1024K, 6 young (6144K), 2 survivors (2048K)
 Metaspace       used 4620K, capacity 4760K, committed 4864K, reserved 1056768K
  class space    used 442K, capacity 464K, committed 512K, reserved 1048576K
Event: 6.402 GC heap after
Heap after GC invocations=2 (full 0):
 garbage-first heap   total 126976K, used 1481K [0x00000000c0000000, 0x00000000c01003e0, 0x0000000100000000)
  region size 1024K, 1 young (1024K), 1 survivors (1024K)
 Metaspace       used 4620K, capacity 4760K, committed 4864K, reserved 1056768K
  class space    used 442K, capacity 464K, committed 512K, reserved 1048576K
}
Event: 14.484 GC heap before
{Heap before GC invocations=2 (full 0):
 garbage-first heap   total 126976K, used 34249K [0x00000000c0000000, 0x00000000c01003e0, 0x0000000100000000)
  region size 1024K, 33 young (33792K), 1 survivors (1024K)
 Metaspace       used 6825K, capacity 7100K, committed 7168K, reserved 1056768K
  class space    used 665K, capacity 752K, committed 768K, reserved 1048576K
Event: 16.307 GC heap after
Heap after GC invocations=3 (full 0):
 garbage-first heap   total 126976K, used 2243K [0x00000000c0000000, 0x00000000c01003e0, 0x0000000100000000)
  region size 1024K, 2 young (2048K), 2 survivors (2048K)
 Metaspace       used 6825K, capacity 7100K, committed 7168K, reserved 1056768K
  class space    used 665K, capacity 752K, committed 768K, reserved 1048576K
}
Event: 28.444 GC heap before
{Heap before GC invocations=3 (full 0):
 garbage-first heap   total 126976K, used 6339K [0x00000000c0000000, 0x00000000c01003e0, 0x0000000100000000)
  region size 1024K, 6 young (6144K), 2 survivors (2048K)
 Metaspace       used 7020K, capacity 7390K, committed 7552K, reserved 1056768K
  class space    used 680K, capacity 786K, committed 896K, reserved 1048576K
Event: 32.641 GC heap after
Heap after GC invocations=4 (full 0):
 garbage-first heap   total 126976K, used 3232K [0x00000000c0000000, 0x00000000c01003e0, 0x0000000100000000)
  region size 1024K, 1 young (1024K), 1 survivors (1024K)
 Metaspace       used 7020K, capacity 7390K, committed 7552K, reserved 1056768K
  class space    used 680K, capacity 786K, committed 896K, reserved 1048576K
}
Event: 41.913 GC heap before
{Heap before GC invocations=4 (full 0):
 garbage-first heap   total 126976K, used 8352K [0x00000000c0000000, 0x00000000c01003e0, 0x0000000100000000)
  region size 1024K, 6 young (6144K), 1 survivors (1024K)
 Metaspace       used 7139K, capacity 7454K, committed 7808K, reserved 1056768K
  class space    used 696K, capacity 786K, committed 896K, reserved 1048576K
Event: 44.822 GC heap after
Heap after GC invocations=5 (full 0):
 garbage-first heap   total 253952K, used 4366K [0x00000000c0000000, 0x00000000c01007c0, 0x0000000100000000)
  region size 1024K, 1 young (1024K), 1 survivors (1024K)
 Metaspace       used 7139K, capacity 7454K, committed 7808K, reserved 1056768K
  class space    used 696K, capacity 786K, committed 896K, reserved 1048576K
}
Event: 82.967 GC heap before
{Heap before GC invocations=5 (full 0):
 garbage-first heap   total 253952K, used 15630K [0x00000000c0000000, 0x00000000c01007c0, 0x0000000100000000)
  region size 1024K, 12 young (12288K), 1 survivors (1024K)
 Metaspace       used 7729K, capacity 8094K, committed 8320K, reserved 1056768K
  class space    used 752K, capacity 850K, committed 896K, reserved 1048576K

